[2022-04-21 10:56:54] local.ERROR: Uncaught Error: Class 'Laratrust\Models\LaratrustPermission' not found in C:\laragon\www\waiton-dev\app\Models\Permission.php:7
Stack trace:
#0 C:\laragon\www\waiton-dev\vendor\composer\ClassLoader.php(478): include()
#1 C:\laragon\www\waiton-dev\vendor\composer\ClassLoader.php(346): Composer\Autoload\includeFile('C:\\laragon\\www\\...')
#2 [internal function]: Composer\Autoload\ClassLoader->loadClass('App\\Models\\Perm...')
#3 [internal function]: spl_autoload_call('App\\Models\\Perm...')
#4 Command line code(1): class_exists('App\\Models\\Perm...')
#5 [internal function]: {closure}('App\\Models\\Perm...')
#6 Command line code(1): array_filter(Array, Object(Closure))
#7 {main}
  thrown {"exception":"[object] (Symfony\\Component\\ErrorHandler\\Error\\FatalError(code: 0): Uncaught Error: Class 'Laratrust\\Models\\LaratrustPermission' not found in C:\\laragon\\www\\waiton-dev\\app\\Models\\Permission.php:7
Stack trace:
#0 C:\\laragon\\www\\waiton-dev\\vendor\\composer\\ClassLoader.php(478): include()
#1 C:\\laragon\\www\\waiton-dev\\vendor\\composer\\ClassLoader.php(346): Composer\\Autoload\\includeFile('C:\\\\laragon\\\\www\\\\...')
#2 [internal function]: Composer\\Autoload\\ClassLoader->loadClass('App\\\\Models\\\\Perm...')
#3 [internal function]: spl_autoload_call('App\\\\Models\\\\Perm...')
#4 Command line code(1): class_exists('App\\\\Models\\\\Perm...')
#5 [internal function]: {closure}('App\\\\Models\\\\Perm...')
#6 Command line code(1): array_filter(Array, Object(Closure))
#7 {main}
  thrown at C:\\laragon\\www\\waiton-dev\\app\\Models\\Permission.php:7)
[stacktrace]
#0 {main}
"} 
[2022-04-21 10:57:54] local.ERROR: Uncaught Error: Class 'Laratrust\Models\LaratrustPermission' not found in C:\laragon\www\waiton-dev\app\Models\Permission.php:7
Stack trace:
#0 C:\laragon\www\waiton-dev\vendor\composer\ClassLoader.php(478): include()
#1 C:\laragon\www\waiton-dev\vendor\composer\ClassLoader.php(346): Composer\Autoload\includeFile('C:\\laragon\\www\\...')
#2 [internal function]: Composer\Autoload\ClassLoader->loadClass('App\\Models\\Perm...')
#3 [internal function]: spl_autoload_call('App\\Models\\Perm...')
#4 Command line code(1): class_exists('App\\Models\\Perm...')
#5 [internal function]: {closure}('App\\Models\\Perm...')
#6 Command line code(1): array_filter(Array, Object(Closure))
#7 {main}
  thrown {"exception":"[object] (Symfony\\Component\\ErrorHandler\\Error\\FatalError(code: 0): Uncaught Error: Class 'Laratrust\\Models\\LaratrustPermission' not found in C:\\laragon\\www\\waiton-dev\\app\\Models\\Permission.php:7
Stack trace:
#0 C:\\laragon\\www\\waiton-dev\\vendor\\composer\\ClassLoader.php(478): include()
#1 C:\\laragon\\www\\waiton-dev\\vendor\\composer\\ClassLoader.php(346): Composer\\Autoload\\includeFile('C:\\\\laragon\\\\www\\\\...')
#2 [internal function]: Composer\\Autoload\\ClassLoader->loadClass('App\\\\Models\\\\Perm...')
#3 [internal function]: spl_autoload_call('App\\\\Models\\\\Perm...')
#4 Command line code(1): class_exists('App\\\\Models\\\\Perm...')
#5 [internal function]: {closure}('App\\\\Models\\\\Perm...')
#6 Command line code(1): array_filter(Array, Object(Closure))
#7 {main}
  thrown at C:\\laragon\\www\\waiton-dev\\app\\Models\\Permission.php:7)
[stacktrace]
#0 {main}
"} 
[2022-04-21 10:58:54] local.ERROR: Uncaught Error: Class 'Laratrust\Models\LaratrustPermission' not found in C:\laragon\www\waiton-dev\app\Models\Permission.php:7
Stack trace:
#0 C:\laragon\www\waiton-dev\vendor\composer\ClassLoader.php(478): include()
#1 C:\laragon\www\waiton-dev\vendor\composer\ClassLoader.php(346): Composer\Autoload\includeFile('C:\\laragon\\www\\...')
#2 [internal function]: Composer\Autoload\ClassLoader->loadClass('App\\Models\\Perm...')
#3 [internal function]: spl_autoload_call('App\\Models\\Perm...')
#4 Command line code(1): class_exists('App\\Models\\Perm...')
#5 [internal function]: {closure}('App\\Models\\Perm...')
#6 Command line code(1): array_filter(Array, Object(Closure))
#7 {main}
  thrown {"exception":"[object] (Symfony\\Component\\ErrorHandler\\Error\\FatalError(code: 0): Uncaught Error: Class 'Laratrust\\Models\\LaratrustPermission' not found in C:\\laragon\\www\\waiton-dev\\app\\Models\\Permission.php:7
Stack trace:
#0 C:\\laragon\\www\\waiton-dev\\vendor\\composer\\ClassLoader.php(478): include()
#1 C:\\laragon\\www\\waiton-dev\\vendor\\composer\\ClassLoader.php(346): Composer\\Autoload\\includeFile('C:\\\\laragon\\\\www\\\\...')
#2 [internal function]: Composer\\Autoload\\ClassLoader->loadClass('App\\\\Models\\\\Perm...')
#3 [internal function]: spl_autoload_call('App\\\\Models\\\\Perm...')
#4 Command line code(1): class_exists('App\\\\Models\\\\Perm...')
#5 [internal function]: {closure}('App\\\\Models\\\\Perm...')
#6 Command line code(1): array_filter(Array, Object(Closure))
#7 {main}
  thrown at C:\\laragon\\www\\waiton-dev\\app\\Models\\Permission.php:7)
[stacktrace]
#0 {main}
"} 
